<?xml version="1.0" encoding="UTF-8"?>
<testng-results skipped="0" failed="1" total="3" passed="2">
  <reporter-output>
  </reporter-output>
  <suite name="Suite" duration-ms="24548" started-at="2017-02-24T10:49:16Z" finished-at="2017-02-24T10:49:41Z">
    <groups>
    </groups>
    <test name="Test" duration-ms="24548" started-at="2017-02-24T10:49:16Z" finished-at="2017-02-24T10:49:41Z">
      <class name="TestCase.LoginTest2">
        <test-method status="PASS" signature="befMet()[pri:0, instance:TestCase.LoginTest2@42e6bc11]" name="befMet" is-config="true" duration-ms="5667" started-at="2017-02-24T16:19:25Z" finished-at="2017-02-24T16:19:31Z">
          <reporter-output>
          </reporter-output>
        </test-method> <!-- befMet -->
        <test-method status="FAIL" signature="myLogin()[pri:0, instance:TestCase.LoginTest2@42e6bc11]" name="myLogin" duration-ms="87" started-at="2017-02-24T16:19:31Z" finished-at="2017-02-24T16:19:31Z">
          <exception class="org.openqa.selenium.NoSuchElementException">
            <message>
              <![CDATA[no such element: Unable to locate element: {"method":"id","selector":"username"}
  (Session info: chrome=57.0.2987.54)
  (Driver info: chromedriver=2.27.440174 (e97a722caafc2d3a8b807ee115bfb307f7d2cfd9),platform=Windows NT 6.1.7601 SP1 x86_64) (WARNING: The server did not provide any stacktrace information)
Command duration or timeout: 83 milliseconds
For documentation on this error, please visit: http://seleniumhq.org/exceptions/no_such_element.html
Build info: version: '2.53.0', revision: '35ae25b', time: '2016-03-15 17:00:58'
System info: host: 'DEL1-DHP-27675', ip: '172.16.24.15', os.name: 'Windows 7', os.arch: 'amd64', os.version: '6.1', java.version: '1.7.0_79'
*** Element info: {Using=id, value=username}
Session ID: ef716ee33035d26c66b204bf4a1e734f
Driver info: org.openqa.selenium.chrome.ChromeDriver
Capabilities [{platform=XP, acceptSslCerts=true, javascriptEnabled=true, browserName=chrome, chrome={userDataDir=C:\Users\NEEL~1.KAM\AppData\Local\Temp\scoped_dir11048_31309, chromedriverVersion=2.27.440174 (e97a722caafc2d3a8b807ee115bfb307f7d2cfd9)}, networkConnectionEnabled=false, unexpectedAlertBehaviour=, rotatable=false, locationContextEnabled=true, mobileEmulationEnabled=false, version=57.0.2987.54, pageLoadStrategy=normal, takesHeapSnapshot=true, cssSelectorsEnabled=true, databaseEnabled=false, handlesAlerts=true, browserConnectionEnabled=false, webStorageEnabled=true, nativeEvents=true, hasTouchScreen=false, applicationCacheEnabled=false, takesScreenshot=true}]]]>
            </message>
            <full-stacktrace>
              <![CDATA[org.openqa.selenium.NoSuchElementException: no such element: Unable to locate element: {"method":"id","selector":"username"}
  (Session info: chrome=57.0.2987.54)
  (Driver info: chromedriver=2.27.440174 (e97a722caafc2d3a8b807ee115bfb307f7d2cfd9),platform=Windows NT 6.1.7601 SP1 x86_64) (WARNING: The server did not provide any stacktrace information)
Command duration or timeout: 83 milliseconds
For documentation on this error, please visit: http://seleniumhq.org/exceptions/no_such_element.html
Build info: version: '2.53.0', revision: '35ae25b', time: '2016-03-15 17:00:58'
System info: host: 'DEL1-DHP-27675', ip: '172.16.24.15', os.name: 'Windows 7', os.arch: 'amd64', os.version: '6.1', java.version: '1.7.0_79'
*** Element info: {Using=id, value=username}
Session ID: ef716ee33035d26c66b204bf4a1e734f
Driver info: org.openqa.selenium.chrome.ChromeDriver
Capabilities [{platform=XP, acceptSslCerts=true, javascriptEnabled=true, browserName=chrome, chrome={userDataDir=C:\Users\NEEL~1.KAM\AppData\Local\Temp\scoped_dir11048_31309, chromedriverVersion=2.27.440174 (e97a722caafc2d3a8b807ee115bfb307f7d2cfd9)}, networkConnectionEnabled=false, unexpectedAlertBehaviour=, rotatable=false, locationContextEnabled=true, mobileEmulationEnabled=false, version=57.0.2987.54, pageLoadStrategy=normal, takesHeapSnapshot=true, cssSelectorsEnabled=true, databaseEnabled=false, handlesAlerts=true, browserConnectionEnabled=false, webStorageEnabled=true, nativeEvents=true, hasTouchScreen=false, applicationCacheEnabled=false, takesScreenshot=true}]
	at sun.reflect.NativeConstructorAccessorImpl.newInstance0(Native Method)
	at sun.reflect.NativeConstructorAccessorImpl.newInstance(Unknown Source)
	at sun.reflect.DelegatingConstructorAccessorImpl.newInstance(Unknown Source)
	at java.lang.reflect.Constructor.newInstance(Unknown Source)
	at org.openqa.selenium.remote.ErrorHandler.createThrowable(ErrorHandler.java:206)
	at org.openqa.selenium.remote.ErrorHandler.throwIfResponseFailed(ErrorHandler.java:158)
	at org.openqa.selenium.remote.RemoteWebDriver.execute(RemoteWebDriver.java:678)
	at org.openqa.selenium.remote.RemoteWebDriver.findElement(RemoteWebDriver.java:363)
	at org.openqa.selenium.remote.RemoteWebDriver.findElementById(RemoteWebDriver.java:413)
	at org.openqa.selenium.By$ById.findElement(By.java:218)
	at org.openqa.selenium.remote.RemoteWebDriver.findElement(RemoteWebDriver.java:355)
	at Page.LoginPage.enterUserName(LoginPage.java:22)
	at TestCase.LoginTest2.myLogin(LoginTest2.java:16)
	at sun.reflect.NativeMethodAccessorImpl.invoke0(Native Method)
	at sun.reflect.NativeMethodAccessorImpl.invoke(Unknown Source)
	at sun.reflect.DelegatingMethodAccessorImpl.invoke(Unknown Source)
	at java.lang.reflect.Method.invoke(Unknown Source)
	at org.testng.internal.MethodInvocationHelper.invokeMethod(MethodInvocationHelper.java:85)
	at org.testng.internal.Invoker.invokeMethod(Invoker.java:639)
	at org.testng.internal.Invoker.invokeTestMethod(Invoker.java:816)
	at org.testng.internal.Invoker.invokeTestMethods(Invoker.java:1124)
	at org.testng.internal.TestMethodWorker.invokeTestMethods(TestMethodWorker.java:125)
	at org.testng.internal.TestMethodWorker.run(TestMethodWorker.java:108)
	at org.testng.TestRunner.privateRun(TestRunner.java:774)
	at org.testng.TestRunner.run(TestRunner.java:624)
	at org.testng.SuiteRunner.runTest(SuiteRunner.java:359)
	at org.testng.SuiteRunner.runSequentially(SuiteRunner.java:354)
	at org.testng.SuiteRunner.privateRun(SuiteRunner.java:312)
	at org.testng.SuiteRunner.run(SuiteRunner.java:261)
	at org.testng.SuiteRunnerWorker.runSuite(SuiteRunnerWorker.java:52)
	at org.testng.SuiteRunnerWorker.run(SuiteRunnerWorker.java:86)
	at org.testng.TestNG.runSuitesSequentially(TestNG.java:1215)
	at org.testng.TestNG.runSuitesLocally(TestNG.java:1140)
	at org.testng.TestNG.run(TestNG.java:1048)
	at org.testng.remote.AbstractRemoteTestNG.run(AbstractRemoteTestNG.java:132)
	at org.testng.remote.RemoteTestNG.initAndRun(RemoteTestNG.java:236)
	at org.testng.remote.RemoteTestNG.main(RemoteTestNG.java:81)
]]>
            </full-stacktrace>
          </exception> <!-- org.openqa.selenium.NoSuchElementException -->
          <reporter-output>
          </reporter-output>
        </test-method> <!-- myLogin -->
        <test-method status="PASS" signature="aftMet()[pri:0, instance:TestCase.LoginTest2@42e6bc11]" name="aftMet" is-config="true" duration-ms="1738" started-at="2017-02-24T16:19:31Z" finished-at="2017-02-24T16:19:33Z">
          <reporter-output>
          </reporter-output>
        </test-method> <!-- aftMet -->
      </class> <!-- TestCase.LoginTest2 -->
      <class name="TestCase.FacebookDemo">
        <test-method status="PASS" signature="fbDemo()[pri:0, instance:TestCase.FacebookDemo@3a452267]" name="fbDemo" duration-ms="8156" started-at="2017-02-24T16:19:33Z" finished-at="2017-02-24T16:19:41Z">
          <reporter-output>
          </reporter-output>
        </test-method> <!-- fbDemo -->
      </class> <!-- TestCase.FacebookDemo -->
      <class name="TestCase.LoginTest">
        <test-method status="PASS" signature="befMet()[pri:0, instance:TestCase.LoginTest@72d60cdd]" name="befMet" is-config="true" duration-ms="6166" started-at="2017-02-24T16:19:16Z" finished-at="2017-02-24T16:19:23Z">
          <reporter-output>
          </reporter-output>
        </test-method> <!-- befMet -->
        <test-method status="PASS" signature="myLogin()[pri:0, instance:TestCase.LoginTest@72d60cdd]" name="myLogin" duration-ms="682" started-at="2017-02-24T16:19:23Z" finished-at="2017-02-24T16:19:23Z">
          <reporter-output>
          </reporter-output>
        </test-method> <!-- myLogin -->
        <test-method status="PASS" signature="aftMet()[pri:0, instance:TestCase.LoginTest@72d60cdd]" name="aftMet" is-config="true" duration-ms="1987" started-at="2017-02-24T16:19:23Z" finished-at="2017-02-24T16:19:25Z">
          <reporter-output>
          </reporter-output>
        </test-method> <!-- aftMet -->
      </class> <!-- TestCase.LoginTest -->
    </test> <!-- Test -->
  </suite> <!-- Suite -->
</testng-results>
